<?xml version="1.0" encoding="UTF-8"?>
<!-- Generated by org.testng.reporters.JUnitXMLReporter -->
<testsuite hostname="2015080004-3WVP" ignored="10" name="Default test" tests="10" failures="0" timestamp="12 3월 2019 06:03:17 GMT" time="71.659" errors="0">
  <testcase name="Mypage_Nuticketapply" time="5.24" classname="Checkmypage_PC.Checkmypage_PC.Mypage_Nuseticket"/>
  <testcase name="Mypage_Rcoupon" time="4.444" classname="Checkmypage_PC.Checkmypage_PC.Mypage_Review"/>
  <testcase name="Mypage_Rcoupon" time="5.929" classname="Checkmypage_PC.Checkmypage_PC.Mypage_Mmodify"/>
  <testcase name="MypageMain" time="5.979" classname="Checkmypage_PC.Checkmypage_PC.Mypage_Orderlist"/>
  <testcase name="Mypage_Rcoupon" time="3.846" classname="Checkmypage_PC.Checkmypage_PC.Mypage_QnA"/>
  <testcase name="Mypage_Rcoupon" time="4.866" classname="Checkmypage_PC.Checkmypage_PC.Mypage_Coupon"/>
  <testcase name="Mypage_Rcoupon" time="4.539" classname="Checkmypage_PC.Checkmypage_PC.Mypage_Point"/>
  <testcase name="Mypage_Rcoupon" time="4.104" classname="Checkmypage_PC.Checkmypage_PC.Mypage_Que"/>
  <testcase name="Mypage_ReWish" time="8.022" classname="Checkmypage_PC.Checkmypage_PC.Mypage_Wishlist"/>
  <testcase name="Mypage_Recancel" time="3.292" classname="Checkmypage_PC.Checkmypage_PC.Mypage_Cancel"/>
  <testcase name="@BeforeTest setup" time="0.0" classname="Checkmypage_PC.Checkmypage_PC.AppTest">
    <ignored/>
  </testcase> <!-- @BeforeTest setup -->
  <testcase name="@BeforeTest setup" time="0.0" classname="Checkmypage_PC.Checkmypage_PC.AppTest">
    <ignored/>
  </testcase> <!-- @BeforeTest setup -->
  <testcase name="@BeforeTest setup" time="0.0" classname="Checkmypage_PC.Checkmypage_PC.AppTest">
    <ignored/>
  </testcase> <!-- @BeforeTest setup -->
  <testcase name="@BeforeTest setup" time="0.0" classname="Checkmypage_PC.Checkmypage_PC.AppTest">
    <ignored/>
  </testcase> <!-- @BeforeTest setup -->
  <testcase name="@BeforeTest setup" time="0.0" classname="Checkmypage_PC.Checkmypage_PC.AppTest">
    <ignored/>
  </testcase> <!-- @BeforeTest setup -->
  <testcase name="@BeforeTest setup" time="0.0" classname="Checkmypage_PC.Checkmypage_PC.AppTest">
    <ignored/>
  </testcase> <!-- @BeforeTest setup -->
  <testcase name="@BeforeTest setup" time="0.0" classname="Checkmypage_PC.Checkmypage_PC.AppTest">
    <ignored/>
  </testcase> <!-- @BeforeTest setup -->
  <testcase name="@BeforeTest setup" time="0.0" classname="Checkmypage_PC.Checkmypage_PC.AppTest">
    <ignored/>
  </testcase> <!-- @BeforeTest setup -->
  <testcase name="@BeforeTest setup" time="0.0" classname="Checkmypage_PC.Checkmypage_PC.AppTest">
    <ignored/>
  </testcase> <!-- @BeforeTest setup -->
  <testcase name="@BeforeTest setup" time="0.0" classname="Checkmypage_PC.Checkmypage_PC.AppTest">
    <ignored/>
  </testcase> <!-- @BeforeTest setup -->
</testsuite> <!-- Default test -->
